18:01:47 **** Build of configuration Default for project Atmega324p_I2C_Slave ****
make all 
avr-gcc -std=gnu99 -Wall -Os -DF_CPU=1000000 -mmcu=atmega324p -I ./inc/  -o main.o ./src/*.c
./src/I2C_Slave.c: In function ‘I2C_Slave_Receive’:
./src/I2C_Slave.c:39:10: warning: variable ‘recv_data’ set but not used [-Wunused-but-set-variable]
  uint8_t recv_data; 
          ^
avr-gcc -std=gnu99 -Wall -Os -DF_CPU=1000000 -mmcu=atmega324p -I ./inc/ -o main.elf ./src/*.c
./src/I2C_Slave.c: In function ‘I2C_Slave_Receive’:
./src/I2C_Slave.c:39:10: warning: variable ‘recv_data’ set but not used [-Wunused-but-set-variable]
  uint8_t recv_data; 
          ^
avr-objcopy -j .text -j .data -O ihex main.elf main.hex
avr-size --format=avr --mcu=atmega324p main.elf
AVR Memory Usage
----------------
Device: atmega324p

Program:     262 bytes (0.8% Full)
(.text + .data + .bootloader)

Data:          0 bytes (0.0% Full)
(.data + .bss + .noinit)


Succes compiled

18:01:47 Build Finished. 0 errors, 2 warnings. (took 215ms)

